{
  "uid" : "ea242a98efe71c05",
  "name" : "test_function",
  "fullName" : "com.kxj.case.test_03_exception#test_function",
  "historyId" : "884999172d9f99848924cfcc56c6e759",
  "time" : {
    "start" : 1617267832184,
    "stop" : 1617267832185,
    "duration" : 1
  },
  "status" : "failed",
  "statusMessage" : "AssertionError: 不相等\nassert 1 == 2\n  +1\n  -2",
  "statusTrace" : "def test_function():\n>       assert 1 == 2, '不相等'\nE       AssertionError: 不相等\nE       assert 1 == 2\nE         +1\nE         -2\n\nPython_Pytest\\com\\kxj\\case\\test_03_exception.py:11: AssertionError",
  "flaky" : false,
  "newFailed" : false,
  "beforeStages" : [ {
    "name" : "env",
    "time" : {
      "start" : 1617267832095,
      "stop" : 1617267832096,
      "duration" : 1
    },
    "status" : "passed",
    "steps" : [ ],
    "attachments" : [ ],
    "parameters" : [ ],
    "hasContent" : false,
    "stepsCount" : 0,
    "shouldDisplayMessage" : false,
    "attachmentsCount" : 0
  } ],
  "afterStages" : [ ],
  "labels" : [ {
    "name" : "parentSuite",
    "value" : "com.kxj.case"
  }, {
    "name" : "suite",
    "value" : "test_03_exception"
  }, {
    "name" : "host",
    "value" : "DESKTOP-4IJL66C"
  }, {
    "name" : "thread",
    "value" : "31920-MainThread"
  }, {
    "name" : "framework",
    "value" : "pytest"
  }, {
    "name" : "language",
    "value" : "cpython3"
  }, {
    "name" : "package",
    "value" : "com.kxj.case.test_03_exception"
  }, {
    "name" : "resultFormat",
    "value" : "allure2"
  } ],
  "parameters" : [ ],
  "links" : [ ],
  "hidden" : false,
  "retry" : false,
  "extra" : {
    "severity" : "normal",
    "retries" : [ ],
    "categories" : [ {
      "name" : "Product defects",
      "matchedStatuses" : [ ],
      "flaky" : false
    } ],
    "tags" : [ ]
  },
  "source" : "ea242a98efe71c05.json",
  "parameterValues" : [ ]
}